This is pdfTeX, Version 3.1415926-2.5-1.40.14 (MiKTeX 2.9 64-bit) (preloaded format=pdflatex 2014.10.12)  14 JAN 2015 16:20
entering extended mode
**SE_Project.tex

("C:\Users\User\Documents\Master_VIBOT\Semester1\SoftEng\Project - Version2\Rep
orts\Latex\SE_Project.tex"
LaTeX2e <2011/06/27>
Babel <v3.8m> and hyphenation patterns for english, afrikaans, ancientgreek, ar
abic, armenian, assamese, basque, bengali, bokmal, bulgarian, catalan, coptic, 
croatian, czech, danish, dutch, esperanto, estonian, farsi, finnish, french, ga
lician, german, german-x-2013-05-26, greek, gujarati, hindi, hungarian, iceland
ic, indonesian, interlingua, irish, italian, kannada, kurmanji, latin, latvian,
 lithuanian, malayalam, marathi, mongolian, mongolianlmc, monogreek, ngerman, n
german-x-2013-05-26, nynorsk, oriya, panjabi, pinyin, polish, portuguese, roman
ian, russian, sanskrit, serbian, slovak, slovenian, spanish, swedish, swissgerm
an, tamil, telugu, turkish, turkmen, ukenglish, ukrainian, uppersorbian, usengl
ishmax, welsh, loaded.
("C:\Program Files\MiKTeX 2.9\tex\latex\base\article.cls"
Document Class: article 2007/10/19 v1.4h Standard LaTeX document class
("C:\Program Files\MiKTeX 2.9\tex\latex\base\size10.clo"
File: size10.clo 2007/10/19 v1.4h Standard LaTeX file (size option)
)
\c@part=\count79
\c@section=\count80
\c@subsection=\count81
\c@subsubsection=\count82
\c@paragraph=\count83
\c@subparagraph=\count84
\c@figure=\count85
\c@table=\count86
\abovecaptionskip=\skip41
\belowcaptionskip=\skip42
\bibindent=\dimen102
)
("C:\Program Files\MiKTeX 2.9\tex\latex\fancyhdr\fancyhdr.sty"
\fancy@headwidth=\skip43
\f@ncyO@elh=\skip44
\f@ncyO@erh=\skip45
\f@ncyO@olh=\skip46
\f@ncyO@orh=\skip47
\f@ncyO@elf=\skip48
\f@ncyO@erf=\skip49
\f@ncyO@olf=\skip50
\f@ncyO@orf=\skip51
)
("C:\Program Files\MiKTeX 2.9\tex\latex\lastpage\lastpage.sty"
Package: lastpage 2013/01/28 v1.2l Refers to last page's name (HMM; JPG)
)
("C:\Program Files\MiKTeX 2.9\tex\latex\fancyhdr\extramarks.sty"
\@temptokenb=\toks14
)
("C:\Program Files\MiKTeX 2.9\tex\latex\graphics\color.sty"
Package: color 2005/11/14 v1.0j Standard LaTeX Color (DPC)

("C:\Program Files\MiKTeX 2.9\tex\latex\00miktex\color.cfg"
File: color.cfg 2007/01/18 v1.5 color configuration of teTeX/TeXLive
)
Package color Info: Driver file: pdftex.def on input line 130.

("C:\Program Files\MiKTeX 2.9\tex\latex\pdftex-def\pdftex.def"
File: pdftex.def 2011/05/27 v0.06d Graphics/color for pdfTeX

("C:\Program Files\MiKTeX 2.9\tex\generic\oberdiek\infwarerr.sty"
Package: infwarerr 2010/04/08 v1.3 Providing info/warning/error messages (HO)
)
("C:\Program Files\MiKTeX 2.9\tex\generic\oberdiek\ltxcmds.sty"
Package: ltxcmds 2011/11/09 v1.22 LaTeX kernel commands for general use (HO)
)
\Gread@gobject=\count87
)
("C:\Program Files\MiKTeX 2.9\tex\latex\graphics\dvipsnam.def"
File: dvipsnam.def 1999/02/16 v3.0i Driver-dependant file (DPC,SPQR)
))
("C:\Program Files\MiKTeX 2.9\tex\latex\graphics\graphicx.sty"
Package: graphicx 1999/02/16 v1.0f Enhanced LaTeX Graphics (DPC,SPQR)

("C:\Program Files\MiKTeX 2.9\tex\latex\graphics\keyval.sty"
Package: keyval 1999/03/16 v1.13 key=value parser (DPC)
\KV@toks@=\toks15
)
("C:\Program Files\MiKTeX 2.9\tex\latex\graphics\graphics.sty"
Package: graphics 2009/02/05 v1.0o Standard LaTeX Graphics (DPC,SPQR)

("C:\Program Files\MiKTeX 2.9\tex\latex\graphics\trig.sty"
Package: trig 1999/03/16 v1.09 sin cos tan (DPC)
)
("C:\Program Files\MiKTeX 2.9\tex\latex\00miktex\graphics.cfg"
File: graphics.cfg 2007/01/18 v1.5 graphics configuration of teTeX/TeXLive
)
Package graphics Info: Driver file: pdftex.def on input line 91.
)
\Gin@req@height=\dimen103
\Gin@req@width=\dimen104
)
("C:\Program Files\MiKTeX 2.9\tex\latex\listings\listings.sty"
\lst@mode=\count88
\lst@gtempboxa=\box26
\lst@token=\toks16
\lst@length=\count89
\lst@currlwidth=\dimen105
\lst@column=\count90
\lst@pos=\count91
\lst@lostspace=\dimen106
\lst@width=\dimen107
\lst@newlines=\count92
\lst@lineno=\count93
\lst@maxwidth=\dimen108

("C:\Program Files\MiKTeX 2.9\tex\latex\listings\lstmisc.sty"
File: lstmisc.sty 2013/08/26 1.5b (Carsten Heinz)
\c@lstnumber=\count94
\lst@skipnumbers=\count95
\lst@framebox=\box27
)
("C:\Program Files\MiKTeX 2.9\tex\latex\listings\listings.cfg"
File: listings.cfg 2013/08/26 1.5b listings configuration
))
Package: listings 2013/08/26 1.5b (Carsten Heinz)

("C:\Program Files\MiKTeX 2.9\tex\latex\psnfss\courier.sty"
Package: courier 2005/04/12 PSNFSS-v9.2a (WaS) 
)
("C:\Program Files\MiKTeX 2.9\tex\latex\hyperref\hyperref.sty"
Package: hyperref 2012/11/06 v6.83m Hypertext links for LaTeX

("C:\Program Files\MiKTeX 2.9\tex\generic\oberdiek\hobsub-hyperref.sty"
Package: hobsub-hyperref 2012/04/25 v1.12 Bundle oberdiek, subset hyperref (HO)


("C:\Program Files\MiKTeX 2.9\tex\generic\oberdiek\hobsub-generic.sty"
Package: hobsub-generic 2012/04/25 v1.12 Bundle oberdiek, subset generic (HO)
Package: hobsub 2012/04/25 v1.12 Construct package bundles (HO)
Package hobsub Info: Skipping package `infwarerr' (already loaded).
Package hobsub Info: Skipping package `ltxcmds' (already loaded).
Package: ifluatex 2010/03/01 v1.3 Provides the ifluatex switch (HO)
Package ifluatex Info: LuaTeX not detected.
Package: ifvtex 2010/03/01 v1.5 Detect VTeX and its facilities (HO)
Package ifvtex Info: VTeX not detected.
Package: intcalc 2007/09/27 v1.1 Expandable calculations with integers (HO)
Package: ifpdf 2011/01/30 v2.3 Provides the ifpdf switch (HO)
Package ifpdf Info: pdfTeX in PDF mode is detected.
Package: etexcmds 2011/02/16 v1.5 Avoid name clashes with e-TeX commands (HO)
Package etexcmds Info: Could not find \expanded.
(etexcmds)             That can mean that you are not using pdfTeX 1.50 or
(etexcmds)             that some package has redefined \expanded.
(etexcmds)             In the latter case, load this package earlier.
Package: kvsetkeys 2012/04/25 v1.16 Key value parser (HO)
Package: kvdefinekeys 2011/04/07 v1.3 Define keys (HO)
Package: pdftexcmds 2011/11/29 v0.20 Utility functions of pdfTeX for LuaTeX (HO
)
Package pdftexcmds Info: LuaTeX not detected.
Package pdftexcmds Info: \pdf@primitive is available.
Package pdftexcmds Info: \pdf@ifprimitive is available.
Package pdftexcmds Info: \pdfdraftmode found.
Package: pdfescape 2011/11/25 v1.13 Implements pdfTeX's escape features (HO)
Package: bigintcalc 2012/04/08 v1.3 Expandable calculations on big integers (HO
)
Package: bitset 2011/01/30 v1.1 Handle bit-vector datatype (HO)
Package: uniquecounter 2011/01/30 v1.2 Provide unlimited unique counter (HO)
)
Package hobsub Info: Skipping package `hobsub' (already loaded).
Package: letltxmacro 2010/09/02 v1.4 Let assignment for LaTeX macros (HO)
Package: hopatch 2011/06/24 v1.1 Wrapper for package hooks (HO)
Package: xcolor-patch 2011/01/30 xcolor patch
Package: atveryend 2011/06/30 v1.8 Hooks at the very end of document (HO)
Package atveryend Info: \enddocument detected (standard20110627).
Package: atbegshi 2011/10/05 v1.16 At begin shipout hook (HO)
Package: refcount 2011/10/16 v3.4 Data extraction from label references (HO)
Package: hycolor 2011/01/30 v1.7 Color options for hyperref/bookmark (HO)
)
("C:\Program Files\MiKTeX 2.9\tex\generic\ifxetex\ifxetex.sty"
Package: ifxetex 2010/09/12 v0.6 Provides ifxetex conditional
)
("C:\Program Files\MiKTeX 2.9\tex\latex\oberdiek\auxhook.sty"
Package: auxhook 2011/03/04 v1.3 Hooks for auxiliary files (HO)
)
("C:\Program Files\MiKTeX 2.9\tex\latex\oberdiek\kvoptions.sty"
Package: kvoptions 2011/06/30 v3.11 Key value format for package options (HO)
)
\@linkdim=\dimen109
\Hy@linkcounter=\count96
\Hy@pagecounter=\count97

("C:\Program Files\MiKTeX 2.9\tex\latex\hyperref\pd1enc.def"
File: pd1enc.def 2012/11/06 v6.83m Hyperref: PDFDocEncoding definition (HO)
)
\Hy@SavedSpaceFactor=\count98

("C:\Program Files\MiKTeX 2.9\tex\latex\00miktex\hyperref.cfg"
File: hyperref.cfg 2002/06/06 v1.2 hyperref configuration of TeXLive
)
Package hyperref Info: Hyper figures OFF on input line 4443.
Package hyperref Info: Link nesting OFF on input line 4448.
Package hyperref Info: Hyper index ON on input line 4451.
Package hyperref Info: Plain pages OFF on input line 4458.
Package hyperref Info: Backreferencing OFF on input line 4463.
Package hyperref Info: Implicit mode ON; LaTeX internals redefined.
Package hyperref Info: Bookmarks ON on input line 4688.
\c@Hy@tempcnt=\count99

("C:\Program Files\MiKTeX 2.9\tex\latex\url\url.sty"
\Urlmuskip=\muskip10
Package: url 2013/09/16  ver 3.4  Verb mode for urls, etc.
)
LaTeX Info: Redefining \url on input line 5041.
\XeTeXLinkMargin=\dimen110
\Fld@menulength=\count100
\Field@Width=\dimen111
\Fld@charsize=\dimen112
Package hyperref Info: Hyper figures OFF on input line 6295.
Package hyperref Info: Link nesting OFF on input line 6300.
Package hyperref Info: Hyper index ON on input line 6303.
Package hyperref Info: backreferencing OFF on input line 6310.
Package hyperref Info: Link coloring OFF on input line 6315.
Package hyperref Info: Link coloring with OCG OFF on input line 6320.
Package hyperref Info: PDF/A mode OFF on input line 6325.
LaTeX Info: Redefining \ref on input line 6365.
LaTeX Info: Redefining \pageref on input line 6369.
\Hy@abspage=\count101
\c@Item=\count102
\c@Hfootnote=\count103
)

Package hyperref Message: Driver (autodetected): hpdftex.

("C:\Program Files\MiKTeX 2.9\tex\latex\hyperref\hpdftex.def"
File: hpdftex.def 2012/11/06 v6.83m Hyperref driver for pdfTeX
\Fld@listcount=\count104
\c@bookmark@seq@number=\count105

("C:\Program Files\MiKTeX 2.9\tex\latex\oberdiek\rerunfilecheck.sty"
Package: rerunfilecheck 2011/04/15 v1.7 Rerun checks for auxiliary files (HO)
Package uniquecounter Info: New unique counter `rerunfilecheck' on input line 2
82.
)
\Hy@SectionHShift=\skip52
)
("C:\Program Files\MiKTeX 2.9\tex\generic\babel\babel.sty"
Package: babel 2008/07/08 v3.8m The Babel package

*************************************
* Local config file bblopts.cfg used
*
("C:\Program Files\MiKTeX 2.9\tex\latex\00miktex\bblopts.cfg"
File: bblopts.cfg 2006/07/31 v1.0 MiKTeX 'babel' configuration
)
("C:\Program Files\MiKTeX 2.9\tex\generic\babel\english.ldf"
Language: english 2005/03/30 v3.3o English support from the babel system

("C:\Program Files\MiKTeX 2.9\tex\generic\babel\babel.def"
File: babel.def 2008/07/08 v3.8m Babel common definitions
\babel@savecnt=\count106
\U@D=\dimen113
)
\l@canadian = a dialect from \language\l@american 
\l@australian = a dialect from \language\l@british 
\l@newzealand = a dialect from \language\l@british 
))
("C:\Program Files\MiKTeX 2.9\tex\latex\amsmath\amsmath.sty"
Package: amsmath 2013/01/14 v2.14 AMS math features
\@mathmargin=\skip53

For additional information on amsmath, use the `?' option.
("C:\Program Files\MiKTeX 2.9\tex\latex\amsmath\amstext.sty"
Package: amstext 2000/06/29 v2.01

("C:\Program Files\MiKTeX 2.9\tex\latex\amsmath\amsgen.sty"
File: amsgen.sty 1999/11/30 v2.0
\@emptytoks=\toks17
\ex@=\dimen114
))
("C:\Program Files\MiKTeX 2.9\tex\latex\amsmath\amsbsy.sty"
Package: amsbsy 1999/11/29 v1.2d
\pmbraise@=\dimen115
)
("C:\Program Files\MiKTeX 2.9\tex\latex\amsmath\amsopn.sty"
Package: amsopn 1999/12/14 v2.01 operator names
)
\inf@bad=\count107
LaTeX Info: Redefining \frac on input line 210.
\uproot@=\count108
\leftroot@=\count109
LaTeX Info: Redefining \overline on input line 306.
\classnum@=\count110
\DOTSCASE@=\count111
LaTeX Info: Redefining \ldots on input line 378.
LaTeX Info: Redefining \dots on input line 381.
LaTeX Info: Redefining \cdots on input line 466.
\Mathstrutbox@=\box28
\strutbox@=\box29
\big@size=\dimen116
LaTeX Font Info:    Redeclaring font encoding OML on input line 566.
LaTeX Font Info:    Redeclaring font encoding OMS on input line 567.
\macc@depth=\count112
\c@MaxMatrixCols=\count113
\dotsspace@=\muskip11
\c@parentequation=\count114
\dspbrk@lvl=\count115
\tag@help=\toks18
\row@=\count116
\column@=\count117
\maxfields@=\count118
\andhelp@=\toks19
\eqnshift@=\dimen117
\alignsep@=\dimen118
\tagshift@=\dimen119
\tagwidth@=\dimen120
\totwidth@=\dimen121
\lineht@=\dimen122
\@envbody=\toks20
\multlinegap=\skip54
\multlinetaggap=\skip55
\mathdisplay@stack=\toks21
LaTeX Info: Redefining \[ on input line 2665.
LaTeX Info: Redefining \] on input line 2666.
)
("C:\Program Files\MiKTeX 2.9\tex\latex\mh\mathtools.sty"
Package: mathtools 2013/02/12 v1.13 mathematical typesetting tools

("C:\Program Files\MiKTeX 2.9\tex\latex\tools\calc.sty"
Package: calc 2007/08/22 v4.3 Infix arithmetic (KKT,FJ)
\calc@Acount=\count119
\calc@Bcount=\count120
\calc@Adimen=\dimen123
\calc@Bdimen=\dimen124
\calc@Askip=\skip56
\calc@Bskip=\skip57
LaTeX Info: Redefining \setlength on input line 76.
LaTeX Info: Redefining \addtolength on input line 77.
\calc@Ccount=\count121
\calc@Cskip=\skip58
)
("C:\Program Files\MiKTeX 2.9\tex\latex\mh\mhsetup.sty"
Package: mhsetup 2010/01/21 v1.2a programming setup (MH)
)
LaTeX Info: Thecontrolsequence`\['isalreadyrobust on input line 129.
LaTeX Info: Thecontrolsequence`\]'isalreadyrobust on input line 129.
\g_MT_multlinerow_int=\count122
\l_MT_multwidth_dim=\dimen125
\origjot=\skip59
\l_MT_shortvdotswithinadjustabove_dim=\dimen126
\l_MT_shortvdotswithinadjustbelow_dim=\dimen127
\l_MT_above_intertext_sep=\dimen128
\l_MT_below_intertext_sep=\dimen129
\l_MT_above_shortintertext_sep=\dimen130
\l_MT_below_shortintertext_sep=\dimen131
)
("C:\Program Files\MiKTeX 2.9\tex\latex\tocbibind\tocbibind.sty"
Package: tocbibind 2010/10/13 v1.5k extra ToC listings
Package tocbibind Info: The document has section divisions on input line 50.


Package tocbibind Note: Using section or other style headings.

)

Package hyperref Warning: Token not allowed in a PDF string (PDFDocEncoding):
(hyperref)                removing `\spacefactor' on input line 33.


Package hyperref Warning: Token not allowed in a PDF string (PDFDocEncoding):
(hyperref)                removing `\@m' on input line 33.


Package hyperref Warning: Token not allowed in a PDF string (PDFDocEncoding):
(hyperref)                removing `\spacefactor' on input line 33.


Package hyperref Warning: Token not allowed in a PDF string (PDFDocEncoding):
(hyperref)                removing `\@m' on input line 33.


Package hyperref Warning: Token not allowed in a PDF string (PDFDocEncoding):
(hyperref)                removing `\spacefactor' on input line 33.


Package hyperref Warning: Token not allowed in a PDF string (PDFDocEncoding):
(hyperref)                removing `\@m' on input line 33.

("C:\Program Files\MiKTeX 2.9\tex\latex\listings\lstlang1.sty"
File: lstlang1.sty 2013/08/26 1.5b listings language file
)
("C:\Program Files\MiKTeX 2.9\tex\latex\listings\lstlang1.sty"
File: lstlang1.sty 2013/08/26 1.5b listings language file
)
("C:\Program Files\MiKTeX 2.9\tex\latex\listings\lstmisc.sty"
File: lstmisc.sty 2013/08/26 1.5b (Carsten Heinz)
)
\c@homeworkProblemCounter=\count123

("C:\Users\User\Documents\Master_VIBOT\Semester1\SoftEng\Project - Version2\Rep
orts\Latex\SE_Project.aux")
LaTeX Font Info:    Checking defaults for OML/cmm/m/it on input line 167.
LaTeX Font Info:    ... okay on input line 167.
LaTeX Font Info:    Checking defaults for T1/cmr/m/n on input line 167.
LaTeX Font Info:    ... okay on input line 167.
LaTeX Font Info:    Checking defaults for OT1/cmr/m/n on input line 167.
LaTeX Font Info:    ... okay on input line 167.
LaTeX Font Info:    Checking defaults for OMS/cmsy/m/n on input line 167.
LaTeX Font Info:    ... okay on input line 167.
LaTeX Font Info:    Checking defaults for OMX/cmex/m/n on input line 167.
LaTeX Font Info:    ... okay on input line 167.
LaTeX Font Info:    Checking defaults for U/cmr/m/n on input line 167.
LaTeX Font Info:    ... okay on input line 167.
LaTeX Font Info:    Checking defaults for PD1/pdf/m/n on input line 167.
LaTeX Font Info:    ... okay on input line 167.
Package lastpage Info: Please have a look at the pageslts package at
(lastpage)             http://www.ctan.org/tex-archive/ 
(lastpage)             macros/latex/contrib/pageslts/ 
(lastpage)             or
(lastpage)             http://www.ctan.org/tex-archive/ 
(lastpage)             install/macros/latex/contrib/pageslts.tds.zip
(lastpage)             ! on input line 167.

("C:\Program Files\MiKTeX 2.9\tex\context\base\supp-pdf.mkii"
[Loading MPS to PDF converter (version 2006.09.02).]
\scratchcounter=\count124
\scratchdimen=\dimen132
\scratchbox=\box30
\nofMPsegments=\count125
\nofMParguments=\count126
\everyMPshowfont=\toks22
\MPscratchCnt=\count127
\MPscratchDim=\dimen133
\MPnumerator=\count128
\makeMPintoPDFobject=\count129
\everyMPtoPDFconversion=\toks23
)
\c@lstlisting=\count130
\AtBeginShipoutBox=\box31
Package hyperref Info: Link coloring OFF on input line 167.
 ("C:\Program Files\MiKTeX 2.9\tex\latex\hyperref\nameref.sty"
Package: nameref 2012/10/27 v2.43 Cross-referencing by name of section

("C:\Program Files\MiKTeX 2.9\tex\generic\oberdiek\gettitlestring.sty"
Package: gettitlestring 2010/12/03 v1.4 Cleanup title references (HO)
)
\c@section@level=\count131
)
LaTeX Info: Redefining \ref on input line 167.
LaTeX Info: Redefining \pageref on input line 167.
LaTeX Info: Redefining \nameref on input line 167.

("C:\Users\User\Documents\Master_VIBOT\Semester1\SoftEng\Project - Version2\Rep
orts\Latex\SE_Project.out")
("C:\Users\User\Documents\Master_VIBOT\Semester1\SoftEng\Project - Version2\Rep
orts\Latex\SE_Project.out")
\@outlinefile=\write3
 [1

{C:/ProgramData/MiKTeX/2.9/pdftex/config/pdftex.map}]
("C:\Users\User\Documents\Master_VIBOT\Semester1\SoftEng\Project - Version2\Rep
orts\Latex\SE_Project.toc")
\tf@toc=\write4
 [2]

LaTeX Warning: Citation `latexcompanion' on page 3 undefined on input line 187.



LaTeX Warning: Citation `latexcompanion' on page 3 undefined on input line 187.


<3DRepresentation.png, id=68, 673.76718pt x 423.83344pt>
File: 3DRepresentation.png Graphic file (type png)

<use 3DRepresentation.png>
Package pdftex.def Info: 3DRepresentation.png used on input line 191.
(pdftex.def)             Requested size: 202.13171pt x 127.151pt.

Underfull \hbox (badness 10000) in paragraph at lines 195--197

 []


Underfull \hbox (badness 10000) in paragraph at lines 198--199

 []

<TriangularMesh.png, id=70, 366.61969pt x 292.84406pt>
File: TriangularMesh.png Graphic file (type png)

<use TriangularMesh.png>
Package pdftex.def Info: TriangularMesh.png used on input line 202.
(pdftex.def)             Requested size: 183.30939pt x 146.42166pt.


LaTeX Warning: `!h' float specifier changed to `!ht'.

LaTeX Font Info:    Try loading font information for OT1+pcr on input line 207.

("C:\Program Files\MiKTeX 2.9\tex\latex\psnfss\ot1pcr.fd"
File: ot1pcr.fd 2001/06/04 font definitions for OT1/pcr.
)
("C:\Users\User\Documents\Master_VIBOT\Semester1\SoftEng\Project - Version2\Rep
orts\Latex\DrawTriangularMesh.cpp"
LaTeX Font Info:    Try loading font information for T1+pcr on input line 10.

("C:\Program Files\MiKTeX 2.9\tex\latex\psnfss\t1pcr.fd"
File: t1pcr.fd 2001/06/04 font definitions for T1/pcr.
) [3

 <C:/Users/User/Documents/Master_VIBOT/Semester1/SoftEng/Project - Version2/Rep
orts/Latex/3DRepresentation.png>])
Underfull \hbox (badness 10000) in paragraph at lines 208--211

 []


LaTeX Warning: Citation `latexcompanion' on page 4 undefined on input line 212.



Underfull \hbox (badness 10000) in paragraph at lines 212--213

 []

[4 <C:/Users/User/Documents/Master_VIBOT/Semester1/SoftEng/Project - Version2/R
eports/Latex/TriangularMesh.png>]
Underfull \hbox (badness 10000) in paragraph at lines 224--225

 []


("C:\Users\User\Documents\Master_VIBOT\Semester1\SoftEng\Project - Version2\Rep
orts\Latex\laplacianMeshHeader.cpp" [5])
("C:\Users\User\Documents\Master_VIBOT\Semester1\SoftEng\Project - Version2\Rep
orts\Latex\GetLaplacianUniformWeight.cpp")
Underfull \hbox (badness 10000) in paragraph at lines 241--243

 []


("C:\Users\User\Documents\Master_VIBOT\Semester1\SoftEng\Project - Version2\Rep
orts\Latex\SaveMatrixVector.cpp" [6])
<LaplaceMatrix.png, id=205, 383.93437pt x 307.1475pt>
File: LaplaceMatrix.png Graphic file (type png)
 <use LaplaceMatrix.png>
Package pdftex.def Info: LaplaceMatrix.png used on input line 251.
(pdftex.def)             Requested size: 383.93343pt x 307.14674pt.

("C:\Users\User\Documents\Master_VIBOT\Semester1\SoftEng\Project - Version2\Rep
orts\Latex\CalculateEigenDecomposition.cpp" [7 <C:/Users/User/Documents/Master_
VIBOT/Semester1/SoftEng/Project - Version2/Reports/Latex/LaplaceMatrix.png>])
<EigenVectors.png, id=227, 903.375pt x 420.06938pt>
File: EigenVectors.png Graphic file (type png)
 <use EigenVectors.png>
Package pdftex.def Info: EigenVectors.png used on input line 265.
(pdftex.def)             Requested size: 451.6864pt x 210.03418pt.

Underfull \hbox (badness 10000) in paragraph at lines 272--273

 []

<EigenVectorChosen.png, id=230, 79.79813pt x 312.41719pt>
File: EigenVectorChosen.png Graphic file (type png)

<use EigenVectorChosen.png>
Package pdftex.def Info: EigenVectorChosen.png used on input line 276.
(pdftex.def)             Requested size: 39.89896pt x 156.2082pt.


LaTeX Warning: `!h' float specifier changed to `!ht'.


Underfull \hbox (badness 10000) in paragraph at lines 284--286

 []


("C:\Users\User\Documents\Master_VIBOT\Semester1\SoftEng\Project - Version2\Rep
orts\Latex\BuildColorMap.cpp" [8 <C:/Users/User/Documents/Master_VIBOT/Semester
1/SoftEng/Project - Version2/Reports/Latex/EigenVectors.png>])
<EigenvectorMeshCol4.png, id=258, 448.67625pt x 153.57375pt>
File: EigenvectorMeshCol4.png Graphic file (type png)

<use EigenvectorMeshCol4.png>
Package pdftex.def Info: EigenvectorMeshCol4.png used on input line 291.
(pdftex.def)             Requested size: 448.67516pt x 153.57336pt.


LaTeX Warning: `!h' float specifier changed to `!ht'.


Package hyperref Warning: Suppressing empty link on input line 295.


LaTeX Warning: `!h' float specifier changed to `!ht'.

[9 <C:/Users/User/Documents/Master_VIBOT/Semester1/SoftEng/Project - Version2/R
eports/Latex/EigenVectorChosen.png>]
<CotangentWeight.png, id=286, 222.07968pt x 193.47281pt>
File: CotangentWeight.png Graphic file (type png)

<use CotangentWeight.png>
Package pdftex.def Info: CotangentWeight.png used on input line 338.
(pdftex.def)             Requested size: 111.03957pt x 96.73616pt.


LaTeX Warning: `!h' float specifier changed to `!ht'.


Underfull \hbox (badness 10000) in paragraph at lines 343--344

 []

[10 <C:/Users/User/Documents/Master_VIBOT/Semester1/SoftEng/Project - Version2/
Reports/Latex/EigenvectorMeshCol4.png>]
LaTeX Font Info:    Try loading font information for OMS+cmr on input line 349.


("C:\Program Files\MiKTeX 2.9\tex\latex\base\omscmr.fd"
File: omscmr.fd 1999/05/25 v2.5h Standard LaTeX font definitions
)
LaTeX Font Info:    Font shape `OMS/cmr/m/n' in size <10> not available
(Font)              Font shape `OMS/cmsy/m/n' tried instead on input line 349.

("C:\Users\User\Documents\Master_VIBOT\Semester1\SoftEng\Project - Version2\Rep
orts\Latex\CalculateCotangent.cpp" [11 <C:/Users/User/Documents/Master_VIBOT/Se
mester1/SoftEng/Project - Version2/Reports/Latex/CotangentWeight.png>])
Overfull \hbox (15.11671pt too wide) in paragraph at lines 388--389
[]\OT1/cmr/m/n/10 Before cal-cu-lat-ing the cotan-gent weight, I need to find t
he cor-rect tri-an-gle to be passed in to $\OML/cmm/m/it/10 CalculateCotangent$
\OT1/cmr/m/n/10 ,
 []


("C:\Users\User\Documents\Master_VIBOT\Semester1\SoftEng\Project - Version2\Rep
orts\Latex\CalculateCotangentWeight.cpp" [12])
("C:\Users\User\Documents\Master_VIBOT\Semester1\SoftEng\Project - Version2\Rep
orts\Latex\GetLaplacianCotangentWeight.cpp")
<LaplaceMatrixCotWeight.png, id=382, 487.06969pt x 269.50688pt>
File: LaplaceMatrixCotWeight.png Graphic file (type png)

<use LaplaceMatrixCotWeight.png>
Package pdftex.def Info: LaplaceMatrixCotWeight.png used on input line 400.
(pdftex.def)             Requested size: 389.65627pt x 215.60579pt.
 [13]

LaTeX Warning: Reference `eigenmeshcotweight' on page 14 undefined on input lin
e 404.

<EigenVectorsCotangentWeight.png, id=438, 601.4972pt x 313.17pt>
File: EigenVectorsCotangentWeight.png Graphic file (type png)

<use EigenVectorsCotangentWeight.png>
Package pdftex.def Info: EigenVectorsCotangentWeight.png used on input line 408
.
(pdftex.def)             Requested size: 300.74786pt x 156.58461pt.

<EigenVectorChosenCotangentWeight.png, id=439, 76.03406pt x 313.17pt>
File: EigenVectorChosenCotangentWeight.png Graphic file (type png)

<use EigenVectorChosenCotangentWeight.png>
Package pdftex.def Info: EigenVectorChosenCotangentWeight.png used on input lin
e 414.
(pdftex.def)             Requested size: 38.01692pt x 156.58461pt.


LaTeX Warning: `!h' float specifier changed to `!ht'.

<EigenvectorMeshCotangentWeightCol4.png, id=440, 456.20438pt x 151.3153pt>
File: EigenvectorMeshCotangentWeightCol4.png Graphic file (type png)

<use EigenvectorMeshCotangentWeightCol4.png>
Package pdftex.def Info: EigenvectorMeshCotangentWeightCol4.png used on input l
ine 421.
(pdftex.def)             Requested size: 456.20325pt x 151.31493pt.


LaTeX Warning: `!h' float specifier changed to `!ht'.


Package hyperref Warning: Suppressing empty link on input line 425.


LaTeX Warning: `!h' float specifier changed to `!ht'.


LaTeX Warning: Reference `cotangentweightill' on page 14 undefined on input lin
e 453.

[14 <C:/Users/User/Documents/Master_VIBOT/Semester1/SoftEng/Project - Version2/
Reports/Latex/LaplaceMatrixCotWeight.png> <C:/Users/User/Documents/Master_VIBOT
/Semester1/SoftEng/Project - Version2/Reports/Latex/EigenVectorsCotangentWeight
.png>] [15 <C:/Users/User/Documents/Master_VIBOT/Semester1/SoftEng/Project - Ve
rsion2/Reports/Latex/EigenVectorChosenCotangentWeight.png> <C:/Users/User/Docum
ents/Master_VIBOT/Semester1/SoftEng/Project - Version2/Reports/Latex/Eigenvecto
rMeshCotangentWeightCol4.png>]
("C:\Users\User\Documents\Master_VIBOT\Semester1\SoftEng\Project - Version2\Rep
orts\Latex\CalculateTangent.cpp")
("C:\Users\User\Documents\Master_VIBOT\Semester1\SoftEng\Project - Version2\Rep
orts\Latex\CalculateMeanValueWeight.cpp" [16])
("C:\Users\User\Documents\Master_VIBOT\Semester1\SoftEng\Project - Version2\Rep
orts\Latex\GetLaplacianMeanValue.cpp" [17]
Overfull \hbox (122.25081pt too wide) in paragraph at lines 16--17
[][][][][][][][][][][][][][][][][][][][][][][][][][][][][][][][][][][][][][][][
][][][][][][][][][][][][][][][] 
 []


Overfull \hbox (52.0501pt too wide) in paragraph at lines 26--27
[][][][][][][][][][][][][][][][][][][][][][][][][][][][][][][][][][][][][][][][
][][][][][][][][][][][][][][][][][][][][][][] 
 []

) <laplaceMatrixMeanValue.png, id=573, 532.23843pt x 277.78781pt>
File: laplaceMatrixMeanValue.png Graphic file (type png)

<use laplaceMatrixMeanValue.png>
Package pdftex.def Info: laplaceMatrixMeanValue.png used on input line 486.
(pdftex.def)             Requested size: 425.79132pt x 222.23053pt.


LaTeX Warning: Reference `eigenmeshmeanvalue' on page 18 undefined on input lin
e 490.

<EigenVectorsMeanValue.png, id=574, 510.40688pt x 274.77657pt>
File: EigenVectorsMeanValue.png Graphic file (type png)

<use EigenVectorsMeanValue.png>
Package pdftex.def Info: EigenVectorsMeanValue.png used on input line 494.
(pdftex.def)             Requested size: 255.2028pt x 137.38794pt.

<EigenVectorChosenMeanValue.png, id=575, 76.78688pt x 315.42844pt>
File: EigenVectorChosenMeanValue.png Graphic file (type png)

<use EigenVectorChosenMeanValue.png>
Package pdftex.def Info: EigenVectorChosenMeanValue.png used on input line 500.

(pdftex.def)             Requested size: 38.39334pt x 157.71382pt.


LaTeX Warning: `!h' float specifier changed to `!ht'.


LaTeX Warning: `!h' float specifier changed to `!ht'.

<EigenvectorMeshMeanValueCol4.png, id=576, 456.20438pt x 153.57375pt>
File: EigenvectorMeshMeanValueCol4.png Graphic file (type png)

<use EigenvectorMeshMeanValueCol4.png>
Package pdftex.def Info: EigenvectorMeshMeanValueCol4.png used on input line 50
7.
(pdftex.def)             Requested size: 456.20325pt x 153.57336pt.


LaTeX Warning: `!h' float specifier changed to `!ht'.


Package hyperref Warning: Suppressing empty link on input line 511.


LaTeX Warning: `!h' float specifier changed to `!ht'.

[18 <C:/Users/User/Documents/Master_VIBOT/Semester1/SoftEng/Project - Version2/
Reports/Latex/laplaceMatrixMeanValue.png>] [19 <C:/Users/User/Documents/Master_
VIBOT/Semester1/SoftEng/Project - Version2/Reports/Latex/EigenVectorsMeanValue.
png> <C:/Users/User/Documents/Master_VIBOT/Semester1/SoftEng/Project - Version2
/Reports/Latex/EigenVectorChosenMeanValue.png> <C:/Users/User/Documents/Master_
VIBOT/Semester1/SoftEng/Project - Version2/Reports/Latex/EigenvectorMeshMeanVal
ueCol4.png>]
("C:\Users\User\Documents\Master_VIBOT\Semester1\SoftEng\Project - Version2\Rep
orts\Latex\main.cpp" [20]) <MainWindow.png, id=640, 673.01437pt x 422.32782pt>
File: MainWindow.png Graphic file (type png)

<use MainWindow.png>
Package pdftex.def Info: MainWindow.png used on input line 563.
(pdftex.def)             Requested size: 336.50636pt x 211.16339pt.

<MainWindowDefault.png, id=641, 672.26157pt x 423.83344pt>
File: MainWindowDefault.png Graphic file (type png)

<use MainWindowDefault.png>
Package pdftex.def Info: MainWindowDefault.png used on input line 569.
(pdftex.def)             Requested size: 336.12996pt x 211.91618pt.


LaTeX Warning: `!h' float specifier changed to `!ht'.


("C:\Users\User\Documents\Master_VIBOT\Semester1\SoftEng\Project - Version2\Rep
orts\Latex\mainWindowHeader.cpp" [21 <C:/Users/User/Documents/Master_VIBOT/Seme
ster1/SoftEng/Project - Version2/Reports/Latex/MainWindow.png>] [22 <C:/Users/U
ser/Documents/Master_VIBOT/Semester1/SoftEng/Project - Version2/Reports/Latex/M
ainWindowDefault.png>])
("C:\Users\User\Documents\Master_VIBOT\Semester1\SoftEng\Project - Version2\Rep
orts\Latex\myGLwidgetHeader.cpp" [23] [24]
Overfull \hbox (3.4496pt too wide) in paragraph at lines 85--87
[][][][][][][][][][][][][][][][][][][][][][] 
 []

[25])
("C:\Users\User\Documents\Master_VIBOT\Semester1\SoftEng\Project - Version2\Rep
orts\Latex\myGLwidget.cpp" [26]
Overfull \hbox (41.24998pt too wide) in paragraph at lines 78--80
[][][][][][][][][][][][] 
 []

[27]
Overfull \hbox (25.04982pt too wide) in paragraph at lines 105--106
[][][][][][][][][][][][][][][][][][][][][][][][][][][][][][][][][][][][][][][][
][][][][][][][][][][][][][][][][][][][][][][][][][][][][][][][][][][][][][][][]
[][][][][][][][][][][][][][][][][] 
 []

[28] [29]
Overfull \hbox (8.84966pt too wide) in paragraph at lines 230--231
[][][][][][][][][][][][][][][][][][][][][][][][][][][][][][][][][][][][][][][][
][][][][][][][][][][][][][][][][][][][][][][][][][][][][][][][][][][][][][][] 
 []

[30] [31] [32] [33] [34] [35] [36] [37])
("C:\Users\User\Documents\Master_VIBOT\Semester1\SoftEng\Project - Version2\Rep
orts\Latex\SceneGLHeader.cpp" [38] [39])
("C:\Users\User\Documents\Master_VIBOT\Semester1\SoftEng\Project - Version2\Rep
orts\Latex\SceneGL.cpp" [40] [41])
<ManualTab.png, id=1792, 670.75594pt x 432.86719pt>
File: ManualTab.png Graphic file (type png)
 <use ManualTab.png>
Package pdftex.def Info: ManualTab.png used on input line 600.
(pdftex.def)             Requested size: 335.37714pt x 216.43306pt.


LaTeX Warning: `!h' float specifier changed to `!ht'.

<AboutTab.png, id=1793, 672.26157pt x 431.36156pt>
File: AboutTab.png Graphic file (type png)
 <use AboutTab.png>
Package pdftex.def Info: AboutTab.png used on input line 606.
(pdftex.def)             Requested size: 336.12996pt x 215.68025pt.


LaTeX Warning: `!h' float specifier changed to `!ht'.

[42] [43 <C:/Users/User/Documents/Master_VIBOT/Semester1/SoftEng/Project - Vers
ion2/Reports/Latex/ManualTab.png> <C:/Users/User/Documents/Master_VIBOT/Semeste
r1/SoftEng/Project - Version2/Reports/Latex/AboutTab.png>] [44]
Missing character: There is no â in font cmti10!
Missing character: There is no € in font cmti10!
Missing character: There is no œ in font cmti10!
Missing character: There is no Ã in font cmr10!
Missing character: There is no © in font cmr10!
Missing character: There is no Ã in font cmr10!
Missing character: There is no – in font cmr10!
Missing character: There is no â in font cmti10!
Missing character: There is no € in font cmti10!
Missing character: There is no œ in font cmti10!
Missing character: There is no â in font cmr10!
Missing character: There is no € in font cmr10!
Missing character: There is no “ in font cmr10!
Missing character: There is no â in font cmr10!
Missing character: There is no € in font cmr10!
Missing character: There is no “ in font cmr10!
Missing character: There is no â in font cmr10!
Missing character: There is no € in font cmr10!
Missing character: There is no “ in font cmr10!


AED: lastpage setting LastPage
[45]
Package atveryend Info: Empty hook `BeforeClearDocument' on input line 665.
Package atveryend Info: Empty hook `AfterLastShipout' on input line 665.

("C:\Users\User\Documents\Master_VIBOT\Semester1\SoftEng\Project - Version2\Rep
orts\Latex\SE_Project.aux")
Package atveryend Info: Executing hook `AtVeryEndDocument' on input line 665.
Package atveryend Info: Executing hook `AtEndAfterFileList' on input line 665.
Package rerunfilecheck Info: File `SE_Project.out' has not changed.
(rerunfilecheck)             Checksum: A3570479C04089CF7D462B0AADF92330;542.


LaTeX Warning: There were undefined references.

Package atveryend Info: Empty hook `AtVeryVeryEnd' on input line 665.
 ) 
Here is how much of TeX's memory you used:
 11079 strings out of 493921
 167804 string characters out of 3147284
 278536 words of memory out of 3000000
 12603 multiletter control sequences out of 15000+200000
 12912 words of font info for 46 fonts, out of 3000000 for 9000
 841 hyphenation exceptions out of 8191
 35i,12n,58p,726b,1955s stack positions out of 5000i,500n,10000p,200000b,50000s
{C:/Program Files/MiKTeX 2.9/fonts/enc/dvips/fontname/8r.enc}<C:/Program File
s/MiKTeX 2.9/fonts/type1/public/amsfonts/cm/cmbx10.pfb><C:/Program Files/MiKTeX
 2.9/fonts/type1/public/amsfonts/cm/cmbx12.pfb><C:/Program Files/MiKTeX 2.9/fon
ts/type1/public/amsfonts/cm/cmbx9.pfb><C:/Program Files/MiKTeX 2.9/fonts/type1/
public/amsfonts/cm/cmex10.pfb><C:/Program Files/MiKTeX 2.9/fonts/type1/public/a
msfonts/cm/cmmi10.pfb><C:/Program Files/MiKTeX 2.9/fonts/type1/public/amsfonts/
cm/cmmi5.pfb><C:/Program Files/MiKTeX 2.9/fonts/type1/public/amsfonts/cm/cmmi7.
pfb><C:/Program Files/MiKTeX 2.9/fonts/type1/public/amsfonts/cm/cmr10.pfb><C:/P
rogram Files/MiKTeX 2.9/fonts/type1/public/amsfonts/cm/cmr12.pfb><C:/Program Fi
les/MiKTeX 2.9/fonts/type1/public/amsfonts/cm/cmr5.pfb><C:/Program Files/MiKTeX
 2.9/fonts/type1/public/amsfonts/cm/cmr7.pfb><C:/Program Files/MiKTeX 2.9/fonts
/type1/public/amsfonts/cm/cmr9.pfb><C:/Program Files/MiKTeX 2.9/fonts/type1/pub
lic/amsfonts/cm/cmsy10.pfb><C:/Program Files/MiKTeX 2.9/fonts/type1/public/amsf
onts/cm/cmsy7.pfb><C:/Program Files/MiKTeX 2.9/fonts/type1/public/amsfonts/cm/c
mti10.pfb><C:/Program Files/MiKTeX 2.9/fonts/type1/public/amsfonts/cm/cmti12.pf
b><C:/Program Files/MiKTeX 2.9/fonts/type1/urw/courier/ucrr8a.pfb><C:/Program F
iles/MiKTeX 2.9/fonts/type1/urw/courier/ucrro8a.pfb>
Output written on SE_Project.pdf (45 pages, 1501515 bytes).
PDF statistics:
 2238 PDF objects out of 2487 (max. 8388607)
 1581 named destinations out of 1728 (max. 500000)
 168 words of extra memory for PDF output out of 10000 (max. 10000000)

